#
# There is insufficient memory for the Java Runtime Environment to continue.
# Native memory allocation (malloc) failed to allocate 524288 bytes for card table expansion
# Possible reasons:
#   The system is out of physical RAM or swap space
#   In 32 bit mode, the process size limit was hit
# Possible solutions:
#   Reduce memory load on the system
#   Increase physical memory or swap space
#   Check if swap backing store is full
#   Use 64 bit Java on a 64 bit OS
#   Decrease Java heap size (-Xmx/-Xms)
#   Decrease number of Java threads
#   Decrease Java thread stack sizes (-Xss)
#   Set larger code cache with -XX:ReservedCodeCacheSize=
# This output file may be truncated or incomplete.
#
#  Out of Memory Error (os_windows.cpp:3212), pid=3184, tid=3848
#
# JRE version:  (7.0_51-b13) (build )
# Java VM: Java HotSpot(TM) Client VM (24.51-b03 mixed mode windows-x86 )
# Failed to write core dump. Minidumps are not enabled by default on client versions of Windows
#

---------------  T H R E A D  ---------------

Current thread (0x0082c800):  JavaThread "Unknown thread" [_thread_in_vm, id=3848, stack(0x00b20000,0x00b70000)]

Stack: [0x00b20000,0x00b70000],  sp=0x00b6f038,  free space=316k
Native frames: (J=compiled Java code, j=interpreted, Vv=VM code, C=native code)
V  [jvm.dll+0x18e0f1]
V  [jvm.dll+0x187ff5]
V  [jvm.dll+0x1a41e9]
V  [jvm.dll+0x146c12]
V  [jvm.dll+0x79c8a]
V  [jvm.dll+0x7a4c0]
V  [jvm.dll+0x87148]
V  [jvm.dll+0x7ca58]
V  [jvm.dll+0x89a16]
V  [jvm.dll+0x874e6]
V  [jvm.dll+0x861f2]
V  [jvm.dll+0x905c3]
V  [jvm.dll+0x13dc14]
V  [jvm.dll+0x16076c]
V  [jvm.dll+0xc8ebf]
C  [java.exe+0x13c1]
C  [java.exe+0x1e33]
C  [java.exe+0xa591]
C  [java.exe+0xa61b]
C  [kernel32.dll+0x51154]
C  [ntdll.dll+0x5b429]
C  [ntdll.dll+0x5b3fc]


---------------  P R O C E S S  ---------------

Java Threads: ( => current thread )

Other Threads:

=>0x0082c800 (exited) JavaThread "Unknown thread" [_thread_in_vm, id=3848, stack(0x00b20000,0x00b70000)]

VM state:not at safepoint (not fully initialized)

VM Mutex/Monitor currently owned by a thread: None

GC Heap History (0 events):
No events

Deoptimization events (0 events):
No events

Internal exceptions (0 events):
No events

Events (0 events):
No events


Dynamic libraries:
0x00d50000 - 0x00d7f000 	C:\Program Files\Java\jdk1.7.0_51\bin\java.exe
0x77b30000 - 0x77c6d000 	C:\Windows\SYSTEM32\ntdll.dll
0x77c80000 - 0x77d54000 	C:\Windows\system32\kernel32.dll
0x75e80000 - 0x75ecb000 	C:\Windows\system32\KERNELBASE.dll
0x777a0000 - 0x77840000 	C:\Windows\system32\ADVAPI32.dll
0x774a0000 - 0x7754c000 	C:\Windows\system32\msvcrt.dll
0x77740000 - 0x77759000 	C:\Windows\SYSTEM32\sechost.dll
0x77930000 - 0x779d1000 	C:\Windows\system32\RPCRT4.dll
0x77220000 - 0x772e9000 	C:\Windows\system32\USER32.dll
0x778a0000 - 0x778ee000 	C:\Windows\system32\GDI32.dll
0x778f0000 - 0x778fa000 	C:\Windows\system32\LPK.dll
0x77a60000 - 0x77afd000 	C:\Windows\system32\USP10.dll
0x74be0000 - 0x74d7e000 	C:\Windows\WinSxS\x86_microsoft.windows.common-controls_6595b64144ccf1df_6.0.7600.16385_none_421189da2b7fabfc\COMCTL32.dll
0x77840000 - 0x77897000 	C:\Windows\system32\SHLWAPI.dll
0x77910000 - 0x7792f000 	C:\Windows\system32\IMM32.DLL
0x76210000 - 0x762dc000 	C:\Windows\system32\MSCTF.dll
0x67550000 - 0x6760f000 	C:\Program Files\Java\jdk1.7.0_51\jre\bin\msvcr100.dll
0x66f70000 - 0x672f0000 	C:\Program Files\Java\jdk1.7.0_51\jre\bin\client\jvm.dll
0x73a90000 - 0x73a97000 	C:\Windows\system32\WSOCK32.dll
0x77760000 - 0x77795000 	C:\Windows\system32\WS2_32.dll
0x77430000 - 0x77436000 	C:\Windows\system32\NSI.dll
0x713f0000 - 0x71422000 	C:\Windows\system32\WINMM.dll
0x77900000 - 0x77905000 	C:\Windows\system32\PSAPI.DLL
0x744a0000 - 0x744ac000 	C:\Program Files\Java\jdk1.7.0_51\jre\bin\verify.dll
0x74360000 - 0x74380000 	C:\Program Files\Java\jdk1.7.0_51\jre\bin\java.dll
0x6eb20000 - 0x6eb40000 	C:\Program Files\Java\jdk1.7.0_51\jre\bin\instrument.dll
0x6eb00000 - 0x6eb13000 	C:\Program Files\Java\jdk1.7.0_51\jre\bin\zip.dll
0x694e0000 - 0x695cb000 	C:\Windows\system32\dbghelp.dll

VM Arguments:
jvm_args: -Dgrails.home=E:\java\grails-2.3.5 -Dbase.dir=E:\grails-projects\StudentInfoApp -Dtools.jar=C:\Program Files\Java\jdk1.7.0_51\lib\tools.jar -Dgroovy.starter.conf=E:\java\grails-2.3.5/conf/groovy-starter.conf -Xmx768M -Xms768M -XX:MaxPermSize=256m -XX:PermSize=256m -Djline.WindowsTerminal.directConsole=false -javaagent:E:\java\grails-2.3.5\lib\org.springsource.springloaded\springloaded-core\jars\springloaded-core-1.1.4.jar -Xverify:none -Dspringloaded=profile=grails -Didea.launcher.port=7533 -Didea.launcher.bin.path=C:\Program Files\JetBrains\IntelliJ IDEA 12.1.6\bin -Dfile.encoding=UTF-8 
java_command: com.intellij.rt.execution.application.AppMain org.codehaus.groovy.grails.cli.support.GrailsStarter --main org.codehaus.groovy.grails.cli.GrailsScriptRunner --conf E:\java\grails-2.3.5/conf/groovy-starter.conf run-app
Launcher Type: SUN_STANDARD

Environment Variables:
JAVA_HOME=C:\Program Files\Java\jdk1.7.0_51
PATH=C:\Program Files\JetBrains\IntelliJ IDEA 12.1.6\bin\..\.\bin;C:\Program Files\Java\jdk1.7.0_51\bin; E:\java\grails-2.3.5\bin;C:\Windows\system32;C:\Windows;C:\Windows\System32\Wbem;C:\Windows\System32\WindowsPowerShell\v1.0\;;c:\program files\jetbrains\intellij idea 12.1.6\jre\jre\bin
USERNAME=GS
OS=Windows_NT
PROCESSOR_IDENTIFIER=x86 Family 6 Model 15 Stepping 11, GenuineIntel



---------------  S Y S T E M  ---------------

OS: Windows 7 Build 7600 

CPU:total 2 (2 cores per cpu, 1 threads per core) family 6 model 15 stepping 11, cmov, cx8, fxsr, mmx, sse, sse2, sse3, ssse3, tsc

Memory: 4k page, physical 2088184k(266224k free), swap 4527108k(354476k free)

vm_info: Java HotSpot(TM) Client VM (24.51-b03) for windows-x86 JRE (1.7.0_51-b13), built on Dec 18 2013 19:09:58 by "java_re" with unknown MS VC++:1600

time: Thu Feb 13 11:02:49 2014
elapsed time: 0 seconds

